2026-02-11T10:30:06.742342	ASPETTA	idealo	392.06	AMD Ryzen 7 9800X3D	https://www.idealo.it/confronta-prezzi/205072279/amd-ryzen-7-9800x3d.html	Totale 392.06€ sopra soglie. Min(30g)=392.06€; Media(30g)=392.06€; campioni=1.
2026-02-11T10:30:08.807253	ASPETTA	idealo	3814.78	ASUS GeForce RTX 5090	https://www.idealo.it/confronta-prezzi/205622196/asus-geforce-rtx-5090.html	Totale 3814.78€ sopra soglie. Min(30g)=320.00€; Media(30g)=2067.39€; campioni=2.
2026-02-11T10:30:08.810212	ASPETTA	subito_ingest	320.0	RTX 5090 ROG - come nuova, PayPal, assicurazione	https://www.subito.it/informatica/rtx-5090-rog-gorizia-633981759.htm	Trust score=7 < soglia 70 (non abbastanza dati/affidabilità).
2026-02-11T10:48:31.647702	ASPETTA	idealo	392.06	AMD Ryzen 7 9800X3D	https://www.idealo.it/confronta-prezzi/205072279/amd-ryzen-7-9800x3d.html	Totale 392.06€ sopra soglie. Min(30g)=392.06€; Media(30g)=392.06€; campioni=2.
2026-02-11T10:48:33.746875	ASPETTA	idealo	3814.78	ASUS GeForce RTX 5090	https://www.idealo.it/confronta-prezzi/205622196/asus-geforce-rtx-5090.html	Totale 3814.78€ sopra soglie. Min(30g)=3814.78€; Media(30g)=3814.78€; campioni=2.
2026-02-11T10:48:33.754811	ASPETTA	subito_ingest	320.0	RTX 5090 ROG - come nuova, PayPal, assicurazione	https://www.subito.it/informatica/rtx-5090-rog-gorizia-633981759.htm	Trust score=7 < soglia 70 (non abbastanza dati/affidabilità).
2026-02-11T11:08:40.509621	ASPETTA	idealo	392.06	AMD Ryzen 7 9800X3D	https://www.idealo.it/confronta-prezzi/205072279/amd-ryzen-7-9800x3d.html	Totale 392.06€ sopra soglie. Min(30g)=392.06€; Media(30g)=392.06€; campioni=3.
2026-02-11T11:08:42.633110	ASPETTA	idealo	3814.78	ASUS GeForce RTX 5090	https://www.idealo.it/confronta-prezzi/205622196/asus-geforce-rtx-5090.html	Totale 3814.78€ sopra soglie. Min(30g)=3814.78€; Media(30g)=3814.78€; campioni=3.
2026-02-11T11:08:42.657642	ASPETTA	subito_ingest	320.0	RTX 5090 ROG - come nuova, PayPal, assicurazione	https://www.subito.it/informatica/rtx-5090-rog-gorizia-633981759.htm	Trust score=7 < soglia 70 (non abbastanza dati/affidabilità).
2026-02-11T11:48:16.016729	ASPETTA	idealo	392.06	AMD Ryzen 7 9800X3D	https://www.idealo.it/confronta-prezzi/205072279/amd-ryzen-7-9800x3d.html	Totale 392.06€ sopra soglie. Min(30g)=392.06€; Media(30g)=392.06€; campioni=4.
2026-02-11T11:48:18.447180	ASPETTA	idealo	3814.78	ASUS GeForce RTX 5090	https://www.idealo.it/confronta-prezzi/205622196/asus-geforce-rtx-5090.html	Totale 3814.78€ sopra soglie. Min(30g)=3814.78€; Media(30g)=3814.78€; campioni=4.
2026-02-11T11:48:18.450849	ASPETTA	subito_ingest	320.0	RTX 5090 ROG - come nuova, PayPal, assicurazione	https://www.subito.it/informatica/rtx-5090-rog-gorizia-633981759.htm	Trust score=7 < soglia 70 (non abbastanza dati/affidabilità).
2026-02-11T11:49:58.289780	ASPETTA	idealo	392.06	AMD Ryzen 7 9800X3D	https://www.idealo.it/confronta-prezzi/205072279/amd-ryzen-7-9800x3d.html	Totale 392.06€ sopra soglie. Min(30g)=392.06€; Media(30g)=392.06€; campioni=5.
2026-02-11T11:50:00.567314	ASPETTA	idealo	3814.78	ASUS GeForce RTX 5090	https://www.idealo.it/confronta-prezzi/205622196/asus-geforce-rtx-5090.html	Totale 3814.78€ sopra soglie. Min(30g)=3814.78€; Media(30g)=3814.78€; campioni=5.
2026-02-11T11:50:00.567944	ASPETTA	subito_ingest	320.0	RTX 5090 ROG - come nuova, PayPal, assicurazione	https://www.subito.it/informatica/rtx-5090-rog-gorizia-633981759.htm	Trust score=7 < soglia 70 (non abbastanza dati/affidabilità).
2026-02-11T11:56:04.927110	ASPETTA	idealo	392.06	AMD Ryzen 7 9800X3D	https://www.idealo.it/confronta-prezzi/205072279/amd-ryzen-7-9800x3d.html	Totale 392.06€ sopra soglie. Min(30g)=392.06€; Media(30g)=392.06€; campioni=6.
2026-02-11T11:56:06.995628	ASPETTA	idealo	3814.78	ASUS GeForce RTX 5090	https://www.idealo.it/confronta-prezzi/205622196/asus-geforce-rtx-5090.html	Totale 3814.78€ sopra soglie. Min(30g)=3814.78€; Media(30g)=3814.78€; campioni=6.
2026-02-11T11:56:06.996391	ASPETTA	subito_ingest	320.0	RTX 5090 ROG - come nuova, PayPal, assicurazione	https://www.subito.it/informatica/rtx-5090-rog-gorizia-633981759.htm	Trust score=7 < soglia 70 (non abbastanza dati/affidabilità).
2026-02-11T12:01:27.670966	ASPETTA	idealo	392.06	AMD Ryzen 7 9800X3D	https://www.idealo.it/confronta-prezzi/205072279/amd-ryzen-7-9800x3d.html	Totale 392.06€ sopra soglie. Min(30g)=392.06€; Media(30g)=392.06€; campioni=7.
2026-02-11T12:01:29.924083	ASPETTA	idealo	3814.78	ASUS GeForce RTX 5090	https://www.idealo.it/confronta-prezzi/205622196/asus-geforce-rtx-5090.html	Totale 3814.78€ sopra soglie. Min(30g)=3814.78€; Media(30g)=3814.78€; campioni=7.
2026-02-11T12:01:29.926265	ASPETTA	subito_ingest	320.0	RTX 5090 ROG - come nuova, PayPal, assicurazione	https://www.subito.it/informatica/rtx-5090-rog-gorizia-633981759.htm	Trust score=7 < soglia 70 (non abbastanza dati/affidabilità).
2026-02-11T12:07:31.680959	ASPETTA	idealo	392.06	AMD Ryzen 7 9800X3D	https://www.idealo.it/confronta-prezzi/205072279/amd-ryzen-7-9800x3d.html	Totale 392.06€ sopra soglie. Min(30g)=392.06€; Media(30g)=392.06€; campioni=8.
2026-02-11T12:07:33.809048	ASPETTA	idealo	3814.78	ASUS GeForce RTX 5090	https://www.idealo.it/confronta-prezzi/205622196/asus-geforce-rtx-5090.html	Totale 3814.78€ sopra soglie. Min(30g)=3814.78€; Media(30g)=3814.78€; campioni=8.
2026-02-11T12:07:33.809984	ASPETTA	subito_ingest	320.0	RTX 5090 ROG - come nuova, PayPal, assicurazione	https://www.subito.it/informatica/rtx-5090-rog-gorizia-633981759.htm	Trust score=7 < soglia 70 (non abbastanza dati/affidabilità).
2026-02-11T12:10:22.824087	ASPETTA	idealo	3814.78	ASUS GeForce RTX 5090	https://www.idealo.it/confronta-prezzi/205622196/asus-geforce-rtx-5090.html	Totale 3814.78€ sopra soglie. Min(30g)=3814.78€; Media(30g)=3814.78€; campioni=9.
2026-02-11T12:10:22.824803	ASPETTA	subito_ingest	320.0	RTX 5090 ROG - come nuova, PayPal, assicurazione	https://www.subito.it/informatica/rtx-5090-rog-gorizia-633981759.htm	Trust score=7 < soglia 70 (non abbastanza dati/affidabilità).
2026-02-11T12:12:14.415167	ASPETTA	idealo	3814.78	ASUS GeForce RTX 5090	https://www.idealo.it/confronta-prezzi/205622196/asus-geforce-rtx-5090.html	Totale 3814.78€ sopra soglie. Min(30g)=3814.78€; Media(30g)=3814.78€; campioni=10.
2026-02-11T12:12:14.415903	ASPETTA	subito_ingest	320.0	RTX 5090 ROG - come nuova, PayPal, assicurazione	https://www.subito.it/informatica/rtx-5090-rog-gorizia-633981759.htm	Trust score=7 < soglia 70 (non abbastanza dati/affidabilità).
2026-02-11T12:15:35.050340	AFFARE	idealo	392.06	AMD Ryzen 7 9800X3D	https://www.idealo.it/confronta-prezzi/205072279/amd-ryzen-7-9800x3d.html	Totale 392.06€ <= soglia AFFARE (500.0€).
2026-02-11T12:15:37.150265	ASPETTA	idealo	3814.78	ASUS GeForce RTX 5090	https://www.idealo.it/confronta-prezzi/205622196/asus-geforce-rtx-5090.html	Totale 3814.78€ sopra soglie. Min(30g)=3814.78€; Media(30g)=3814.78€; campioni=11.
2026-02-11T12:15:37.150951	ASPETTA	subito_ingest	320.0	RTX 5090 ROG - come nuova, PayPal, assicurazione	https://www.subito.it/informatica/rtx-5090-rog-gorizia-633981759.htm	Trust score=7 < soglia 70 (non abbastanza dati/affidabilità).
2026-02-11T16:30:16.688862	ASPETTA	idealo	392.06	AMD Ryzen 7 9800X3D	https://www.idealo.it/confronta-prezzi/205072279/amd-ryzen-7-9800x3d.html	Totale 392.06€ sopra soglie. Min(30g)=392.06€; Media(30g)=392.06€; campioni=10.
2026-02-11T16:30:18.650645	ASPETTA	idealo	3814.78	ASUS GeForce RTX 5090	https://www.idealo.it/confronta-prezzi/205622196/asus-geforce-rtx-5090.html	Totale 3814.78€ sopra soglie. Min(30g)=3814.78€; Media(30g)=3814.78€; campioni=12.
2026-02-11T16:30:18.659071	ASPETTA	subito_ingest	320.0	RTX 5090 ROG - come nuova, PayPal, assicurazione	https://www.subito.it/informatica/rtx-5090-rog-gorizia-633981759.htm	Trust score=7 < soglia 70 (non abbastanza dati/affidabilità).
2026-02-15T07:41:52.365208	ASPETTA	idealo	391.58	AMD Ryzen 7 9800X3D	https://www.idealo.it/confronta-prezzi/205072279/amd-ryzen-7-9800x3d.html	Totale 391.58€ sopra soglie. Min(30g)=391.58€; Media(30g)=392.02€; campioni=11.
2026-02-15T07:41:54.471539	BUONO	idealo	3499.0	ASUS GeForce RTX 5090	https://www.idealo.it/confronta-prezzi/205622196/asus-geforce-rtx-5090.html	Totale 3499.00€ <= soglia BUONO (3499.0€).
2026-02-15T07:41:54.492088	ASPETTA	subito_ingest	320.0	RTX 5090 ROG - come nuova, PayPal, assicurazione	https://www.subito.it/informatica/rtx-5090-rog-gorizia-633981759.htm	Trust score=7 < soglia 70 (non abbastanza dati/affidabilità).
